  client1.cpp
C:\Users\tyler.gillette\Documents\school\CSCI 156\Socket Project\SocketProgramming-CSCI156\client1.cpp(5): warning C4005: '_WIN32_WINNT': macro redefinition
  C:\Program Files (x86)\Windows Kits\10\Include\10.0.17763.0\shared\sdkddkver.h(216): note: see previous definition of '_WIN32_WINNT'
  server.cpp
  server1.cpp
C:\Program Files (x86)\Microsoft Visual Studio\2019\Community\VC\Tools\MSVC\14.20.27508\include\thread(39): error C2672: 'std::invoke': no matching overloaded function found
  C:\Program Files (x86)\Microsoft Visual Studio\2019\Community\VC\Tools\MSVC\14.20.27508\include\thread(46): note: see reference to function template instantiation 'unsigned int std::thread::_Invoke<_Tuple,0,1>(void *) noexcept' being compiled
          with
          [
              _Tuple=_Tuple
          ]
  C:\Program Files (x86)\Microsoft Visual Studio\2019\Community\VC\Tools\MSVC\14.20.27508\include\thread(52): note: see reference to function template instantiation 'unsigned int (__stdcall *std::thread::_Get_invoke<_Tuple,0,1>(std::integer_sequence<unsigned int,0,1>) noexcept)(void *)' being compiled
  C:\Users\tyler.gillette\Documents\school\CSCI 156\Socket Project\SocketProgramming-CSCI156\server1.cpp(127): note: see reference to function template instantiation 'std::thread::thread<int(__cdecl &)(client_type &),client_type&,void>(_Fn,client_type &)' being compiled
          with
          [
              _Fn=int (__cdecl &)(client_type &)
          ]
  C:\Program Files (x86)\Microsoft Visual Studio\2019\Community\VC\Tools\MSVC\14.20.27508\include\chrono(595): note: see reference to class template instantiation 'std::chrono::duration<double,std::ratio<1,1>>' being compiled
  C:\Program Files (x86)\Microsoft Visual Studio\2019\Community\VC\Tools\MSVC\14.20.27508\include\chrono(172): note: see reference to class template instantiation 'std::chrono::duration<__int64,std::nano>' being compiled
  C:\Program Files (x86)\Microsoft Visual Studio\2019\Community\VC\Tools\MSVC\14.20.27508\include\chrono(574): note: see reference to class template instantiation 'std::chrono::time_point<std::chrono::steady_clock,std::chrono::steady_clock::duration>' being compiled
C:\Program Files (x86)\Microsoft Visual Studio\2019\Community\VC\Tools\MSVC\14.20.27508\include\thread(35): error C2893: Failed to specialize function template 'unknown-type std::invoke(_Callable &&,_Types &&...) noexcept(<expr>)'
  C:\Program Files (x86)\Microsoft Visual Studio\2019\Community\VC\Tools\MSVC\14.20.27508\include\thread(35): note: With the following template arguments:
  C:\Program Files (x86)\Microsoft Visual Studio\2019\Community\VC\Tools\MSVC\14.20.27508\include\thread(35): note: '_Callable=int (__cdecl *)(client_type &)'
  C:\Program Files (x86)\Microsoft Visual Studio\2019\Community\VC\Tools\MSVC\14.20.27508\include\thread(35): note: '_Types={client_type}'
  SocketProgramming-CSCI156.cpp
  client.cpp
  Generating Code...
