\BOOKMARK [1][-]{section.1}{Introduction}{}% 1
\BOOKMARK [2][-]{subsection.1.1}{Aims and objectives}{section.1}% 2
\BOOKMARK [2][-]{subsection.1.2}{Outline}{section.1}% 3
\BOOKMARK [1][-]{section.2}{Related works}{}% 4
\BOOKMARK [1][-]{section.3}{Analysis}{}% 5
\BOOKMARK [2][-]{subsection.3.1}{Problem Statement}{section.3}% 6
\BOOKMARK [2][-]{subsection.3.2}{Proposed solution}{section.3}% 7
\BOOKMARK [2][-]{subsection.3.3}{Requirements}{section.3}% 8
\BOOKMARK [3][-]{subsubsection.3.3.1}{Functional requirements}{subsection.3.3}% 9
\BOOKMARK [3][-]{subsubsection.3.3.2}{Non-Functional requirements}{subsection.3.3}% 10
\BOOKMARK [3][-]{subsubsection.3.3.3}{Software requirements}{subsection.3.3}% 11
\BOOKMARK [3][-]{subsubsection.3.3.4}{Hardware requirements}{subsection.3.3}% 12
\BOOKMARK [2][-]{subsection.3.4}{Project management}{section.3}% 13
\BOOKMARK [1][-]{section.4}{Methods}{}% 14
\BOOKMARK [1][-]{section.5}{Implementation}{}% 15
\BOOKMARK [1][-]{section.6}{Results and evaluation}{}% 16
\BOOKMARK [1][-]{section.7}{Discussion}{}% 17
\BOOKMARK [2][-]{subsection.7.1}{Future developments}{section.7}% 18
\BOOKMARK [2][-]{subsection.7.2}{Personal reflection}{section.7}% 19
\BOOKMARK [1][-]{section.8}{Conclusion}{}% 20
